make all --print-data-base --no-builtin-variables --no-builtin-rules --question
make -f /run/media/malay/6be2233d-18c3-46f3-acec-b4e06d2e1a6a/ManjaroWork/VLSI/caravel_comparator/caravel/Makefile all
 
# make[1]: Entering directory '/run/media/malay/6be2233d-18c3-46f3-acec-b4e06d2e1a6a/ManjaroWork/VLSI/caravel_comparator'
# GNU Make 4.3
# Built for x86_64-pc-linux-gnu
# Copyright (C) 1988-2020 Free Software Foundation, Inc.
# License GPLv3+: GNU GPL version 3 or later <http://gnu.org/licenses/gpl.html>
# This is free software: you are free to change and redistribute it.
# There is NO WARRANTY, to the extent permitted by law.

# Make data base, printed on Sat Dec 18 11:59:43 2021

# Variables

# environment
GDK_BACKEND = x11
# environment
LC_ALL = C
# environment
NO_AT_BRIDGE = 1
# environment
VSCODE_IPC_HOOK_EXTHOST = /run/user/1000/vscode-ipc-343165d8-69f4-4107-8a8a-c1176d1fc883.sock
# environment
LC_NAME = en_US.UTF-8
# environment
LC_NUMERIC = en_US.UTF-8
# environment
VSCODE_CWD = /run/media/malay/6be2233d-18c3-46f3-acec-b4e06d2e1a6a/ManjaroWork/VLSI/caravel_comparator
# environment
WINDOWID = 67207160
# environment
LC_ADDRESS = en_US.UTF-8
# environment
GDM_LANG = en_US.utf8
# default
MAKE_COMMAND := make
# environment
GTK3_MODULES = xapp-gtk3-module:xapp-gtk3-module
# environment
PDK_ROOT = /usr/share/pdk/
# automatic
@D = $(patsubst %/,%,$(dir $@))
# environment
VSCODE_HANDLES_UNCAUGHT_ERRORS = true
# default
.VARIABLES := 
# environment
PWD = /run/media/malay/6be2233d-18c3-46f3-acec-b4e06d2e1a6a/ManjaroWork/VLSI/caravel_comparator
# automatic
%D = $(patsubst %/,%,$(dir $%))
# environment
MAIL = /var/spool/mail/malay
# environment
XDG_DATA_DIRS = /home/malay/.local/share/flatpak/exports/share:/var/lib/flatpak/exports/share:/usr/local/share:/usr/share:/var/lib/snapd/desktop:/usr/share
# environment
OLDPWD = /run/media/malay/6be2233d-18c3-46f3-acec-b4e06d2e1a6a/ManjaroWork/Gits/misc/C_CPP/stm32f446re_ax5043_driver
# automatic
^D = $(patsubst %/,%,$(dir $^))
# environment
VSCODE_LOG_STACK = false
# automatic
%F = $(notdir $%)
# environment
VSCODE_CODE_CACHE_PATH = /home/malay/.config/Code - OSS/CachedData/b3318bc0524af3d74034b8bb8a64df0ccf35549a
# environment
CONDA_PROMPT_MODIFIER = (base) 
# environment
XDG_SESSION_PATH = /org/freedesktop/DisplayManager/Session0
# environment
LANG = C
# environment
OMP_NUM_THREADS = 8
# environment
XAUTHORITY = /home/malay/.Xauthority
# default
.LOADED := 
# default
.INCLUDE_DIRS = /usr/include /usr/local/include /usr/include
# makefile
MAKEFLAGS = prRw
# environment
CARAVEL_ROOT = /run/media/malay/6be2233d-18c3-46f3-acec-b4e06d2e1a6a/ManjaroWork/VLSI/caravel_comparator/caravel
# makefile
CURDIR := /run/media/malay/6be2233d-18c3-46f3-acec-b4e06d2e1a6a/ManjaroWork/VLSI/caravel_comparator
# environment
VSCODE_PIPE_LOGGING = true
# environment
APPLICATION_INSIGHTS_NO_DIAGNOSTIC_CHANNEL = true
# automatic
*D = $(patsubst %/,%,$(dir $*))
# environment
MFLAGS = -prRw
# environment
SSH_AUTH_SOCK = /tmp/ssh-XXXXXXTecpR5/agent.942
# default
.SHELLFLAGS := -c
# environment
XDG_CONFIG_DIRS = /etc/xdg
# automatic
+D = $(patsubst %/,%,$(dir $+))
# environment
XDG_SESSION_DESKTOP = xfce
# environment
VSCODE_CRASH_REPORTER_START_OPTIONS = {"companyName":"Microsoft","productName":"Code - OSS","submitURL":"","uploadToServer":false}
# makefile
MAKEFILE_LIST := 
# environment
CONDA_SHLVL = 1
# automatic
@F = $(notdir $@)
# environment
VSCODE_VERBOSE_LOGGING = true
# environment
VSCODE_PID = 92160
# environment
XDG_SESSION_TYPE = x11
# environment
CUDA_PATH = /opt/cuda
# automatic
?D = $(patsubst %/,%,$(dir $?))
# environment
CONDA_PYTHON_EXE = /home/malay/anaconda3/bin/python
# environment
SESSION_MANAGER = local/malay-systemproductname:@/tmp/.ICE-unix/891,unix/malay-systemproductname:/tmp/.ICE-unix/891
# automatic
*F = $(notdir $*)
# environment
QT_QPA_PLATFORMTHEME = qt5ct
# environment
CHROME_DESKTOP = code-oss.desktop
# environment
DBUS_SESSION_BUS_ADDRESS = unix:path=/run/user/1000/bus
# automatic
<D = $(patsubst %/,%,$(dir $<))
# environment
VSCODE_NLS_CONFIG = {"locale":"en-us","availableLanguages":{},"_languagePackSupport":true}
# environment
BREAKPAD_DUMP_LOCATION = /home/malay/.config/Code - OSS/exthost Crash Reports
# default
MAKE_HOST := x86_64-pc-linux-gnu
# environment
CONDA_PREFIX = /home/malay/anaconda3
# makefile
SHELL = /bin/sh
# default
MAKECMDGOALS := all
# environment
SHLVL = 1
# environment
MAKELEVEL := 1
# default
MAKE = $(MAKE_COMMAND)
# environment
PATH = /home/malay/anaconda3/bin:/home/malay/anaconda3/condabin:/home/malay/.local/bin:/usr/local/bin:/usr/bin:/bin:/usr/local/sbin:/opt/cuda/bin:/opt/cuda/nsight_compute:/opt/cuda/nsight_systems/bin:/usr/lib/jvm/default/bin:/usr/bin/site_perl:/usr/bin/vendor_perl:/usr/bin/core_perl:/var/lib/snapd/snap/bin
# default
MAKEFILES := 
# environment
LC_MONETARY = en_US.UTF-8
# environment
MOTD_SHOWN = pam
# automatic
^F = $(notdir $^)
# environment
LC_TIME = en_US.UTF-8
# environment
VSCODE_LOG_NATIVE = false
# environment
LC_TELEPHONE = en_US.UTF-8
# automatic
?F = $(notdir $?)
# environment
XDG_SEAT = seat0
# environment
XDG_CURRENT_DESKTOP = XFCE
# environment
MKLROOT = /opt/intel/mkl
# environment
LS_COLORS = rs=0:di=01;34:ln=01;36:mh=00:pi=40;33:so=01;35:do=01;35:bd=40;33;01:cd=40;33;01:or=01;05;37;41:mi=01;05;37;41:su=37;41:sg=30;43:ca=30;41:tw=30;42:ow=34;42:st=37;44:ex=01;32:*.tar=01;31:*.tgz=01;31:*.arc=01;31:*.arj=01;31:*.taz=01;31:*.lha=01;31:*.lz4=01;31:*.lzh=01;31:*.lzma=01;31:*.tlz=01;31:*.txz=01;31:*.tzo=01;31:*.t7z=01;31:*.zip=01;31:*.z=01;31:*.Z=01;31:*.dz=01;31:*.gz=01;31:*.lrz=01;31:*.lz=01;31:*.lzo=01;31:*.xz=01;31:*.bz2=01;31:*.bz=01;31:*.tbz=01;31:*.tbz2=01;31:*.tz=01;31:*.deb=01;31:*.rpm=01;31:*.jar=01;31:*.war=01;31:*.ear=01;31:*.sar=01;31:*.rar=01;31:*.alz=01;31:*.ace=01;31:*.zoo=01;31:*.cpio=01;31:*.7z=01;31:*.rz=01;31:*.cab=01;31:*.jpg=01;35:*.jpeg=01;35:*.gif=01;35:*.bmp=01;35:*.pbm=01;35:*.pgm=01;35:*.ppm=01;35:*.tga=01;35:*.xbm=01;35:*.xpm=01;35:*.tif=01;35:*.tiff=01;35:*.png=01;35:*.svg=01;35:*.svgz=01;35:*.mng=01;35:*.pcx=01;35:*.mov=01;35:*.mpg=01;35:*.mpeg=01;35:*.m2v=01;35:*.mkv=01;35:*.webm=01;35:*.ogm=01;35:*.mp4=01;35:*.m4v=01;35:*.mp4v=01;35:*.vob=01;35:*.qt=01;35:*.nuv=01;35:*.wmv=01;35:*.asf=01;35:*.rm=01;35:*.rmvb=01;35:*.flc=01;35:*.avi=01;35:*.fli=01;35:*.flv=01;35:*.gl=01;35:*.dl=01;35:*.xcf=01;35:*.xwd=01;35:*.yuv=01;35:*.cgm=01;35:*.emf=01;35:*.axv=01;35:*.anx=01;35:*.ogv=01;35:*.ogx=01;35:*.pdf=00;32:*.ps=00;32:*.txt=00;32:*.patch=00;32:*.diff=00;32:*.log=00;32:*.tex=00;32:*.doc=00;32:*.aac=00;36:*.au=00;36:*.flac=00;36:*.m4a=00;36:*.mid=00;36:*.midi=00;36:*.mka=00;36:*.mp3=00;36:*.mpc=00;36:*.ogg=00;36:*.ra=00;36:*.wav=00;36:*.axa=00;36:*.oga=00;36:*.spx=00;36:*.xspf=00;36:
# automatic
+F = $(notdir $+)
# environment
XDG_SEAT_PATH = /org/freedesktop/DisplayManager/Seat0
# environment
DESKTOP_SESSION = xfce
# environment
ORIGINAL_XDG_CURRENT_DESKTOP = XFCE
# 'override' directive
GNUMAKEFLAGS := 
# environment
CONDA_DEFAULT_ENV = base
# environment
LOGNAME = malay
# environment
XDG_VTNR = 7
# makefile
.DEFAULT_GOAL := 
# environment
EDITOR = /usr/bin/nano
# environment
DISPLAY = :0.0
# environment
GTK_MODULES = canberra-gtk-module:canberra-gtk-module
# environment
USER = malay
# default
MAKE_VERSION := 4.3
# environment
LC_MEASUREMENT = en_US.UTF-8
# environment
SSH_AGENT_PID = 943
# environment
_ = /usr/bin/make
# environment
LC_PAPER = en_US.UTF-8
# environment
MOZ_PLUGIN_PATH = /usr/lib/mozilla/plugins
# environment
XDG_RUNTIME_DIR = /run/user/1000
# environment
COLORTERM = truecolor
# environment
_CE_M = 
# environment
XDG_SESSION_CLASS = user
# environment
VSCODE_AMD_ENTRYPOINT = vs/workbench/services/extensions/node/extensionHostProcess
# environment
GTK2_RC_FILES = /home/malay/.gtkrc-2.0
# environment
HOME = /home/malay
# environment
ELECTRON_RUN_AS_NODE = 1
# environment
VSCODE_IPC_HOOK = /run/user/1000/vscode-ff90ea61-1.62.0-main.sock
# environment
TERM = xterm-256color
# environment
MATHEMATICA_HOME = /usr/local/Wolfram/Mathematica/12.2
# environment
XDG_SESSION_ID = 1
# default
.RECIPEPREFIX := 
# automatic
<F = $(notdir $<)
# default
SUFFIXES := 
# environment
QT_AUTO_SCREEN_SCALE_FACTOR = 0
# environment
VSCODE_CLI = 1
# environment
ELECTRON_NO_ATTACH_CONSOLE = 1
# environment
VTE_VERSION = 6602
# environment
XDG_GREETER_DATA_DIR = /var/lib/lightdm-data/malay
# default
.FEATURES := target-specific order-only second-expansion else-if shortest-stem undefine oneshell nocomment grouped-target extra-prereqs archives jobserver output-sync check-symlink guile load
# environment
XDG_MENU_PREFIX = xfce-
# environment
CONDA_EXE = /home/malay/anaconda3/bin/conda
# environment
_CE_CONDA = 
# environment
GDMSESSION = xfce
# environment
LC_IDENTIFICATION = en_US.UTF-8
# variable set hash-table stats:
# Load=127/1024=12%, Rehash=0, Collisions=12/154=8%

# Pattern-specific Variable Values

# No pattern-specific variable values.

# Directories


# No files, no impossibilities in 0 directories.
 
make[1]: /run/media/malay/6be2233d-18c3-46f3-acec-b4e06d2e1a6a/ManjaroWork/VLSI/caravel_comparator/caravel/Makefile: No such file or directory
make[1]: *** No rule to make target '/run/media/malay/6be2233d-18c3-46f3-acec-b4e06d2e1a6a/ManjaroWork/VLSI/caravel_comparator/caravel/Makefile'.  Stop.
 

# Implicit Rules

# No implicit rules.

# Files

# Not a target:
.DEFAULT:
#  Implicit rule search has not been done.
#  Modification time never checked.
#  File has not been updated.

# Not a target:
all:
#  Command line target.
#  Implicit rule search has not been done.
#  Modification time never checked.
#  File has not been updated.

# Not a target:
/run/media/malay/6be2233d-18c3-46f3-acec-b4e06d2e1a6a/ManjaroWork/VLSI/caravel_comparator/caravel/Makefile:
#  Implicit rule search has been done.
#  File does not exist.
#  File has not been updated.

# files hash-table stats:
# Load=4/1024=0%, Rehash=0, Collisions=0/14=0%
# VPATH Search Paths

# No 'vpath' search paths.

# No general ('VPATH' variable) search path.

# strcache buffers: 1 (0) / strings = 6 / storage = 162 B / avg = 27 B
# current buf: size = 8162 B / used = 162 B / count = 6 / avg = 27 B

# strcache performance: lookups = 9 / hit rate = 33%
# hash-table stats:
# Load=6/8192=0%, Rehash=0, Collisions=0/9=0%
# Finished Make data base on Sat Dec 18 11:59:43 2021

# make[1]: Leaving directory '/run/media/malay/6be2233d-18c3-46f3-acec-b4e06d2e1a6a/ManjaroWork/VLSI/caravel_comparator'
# GNU Make 4.3
# Built for x86_64-pc-linux-gnu
# Copyright (C) 1988-2020 Free Software Foundation, Inc.
# License GPLv3+: GNU GPL version 3 or later <http://gnu.org/licenses/gpl.html>
# This is free software: you are free to change and redistribute it.
# There is NO WARRANTY, to the extent permitted by law.
 

# Make data base, printed on Sat Dec 18 11:59:43 2021

# Variables

# environment
GDK_BACKEND = x11
# makefile (from 'Makefile', line 25)
CARAVEL_NAME := caravel-lite
# environment
LC_ALL = C
# environment
NO_AT_BRIDGE = 1
# environment
VSCODE_IPC_HOOK_EXTHOST = /run/user/1000/vscode-ipc-343165d8-69f4-4107-8a8a-c1176d1fc883.sock
# environment
LC_NAME = en_US.UTF-8
# environment
LC_NUMERIC = en_US.UTF-8
# environment
VSCODE_CWD = /run/media/malay/6be2233d-18c3-46f3-acec-b4e06d2e1a6a/ManjaroWork/VLSI/caravel_comparator
# makefile (from 'Makefile', line 55)
DV_PATTERNS = $(foreach dv, $(PATTERNS), verify-$(dv))
# environment
WINDOWID = 67207160
# environment
LC_ADDRESS = en_US.UTF-8
# environment
GDM_LANG = en_US.utf8
# default
MAKE_COMMAND := make
# environment
GTK3_MODULES = xapp-gtk3-module:xapp-gtk3-module
# environment
PDK_ROOT = /usr/share/pdk/
# automatic
@D = $(patsubst %/,%,$(dir $@))
# environment
VSCODE_HANDLES_UNCAUGHT_ERRORS = true
# default
.VARIABLES := 
# environment
PWD = /run/media/malay/6be2233d-18c3-46f3-acec-b4e06d2e1a6a/ManjaroWork/VLSI/caravel_comparator
# automatic
%D = $(patsubst %/,%,$(dir $%))
# environment
MAIL = /var/spool/mail/malay
# environment
XDG_DATA_DIRS = /home/malay/.local/share/flatpak/exports/share:/var/lib/flatpak/exports/share:/usr/local/share:/usr/share:/var/lib/snapd/desktop:/usr/share
# environment
OLDPWD = /run/media/malay/6be2233d-18c3-46f3-acec-b4e06d2e1a6a/ManjaroWork/Gits/misc/C_CPP/stm32f446re_ax5043_driver
# automatic
^D = $(patsubst %/,%,$(dir $^))
# environment
VSCODE_LOG_STACK = false
# automatic
%F = $(notdir $%)
# environment
VSCODE_CODE_CACHE_PATH = /home/malay/.config/Code - OSS/CachedData/b3318bc0524af3d74034b8bb8a64df0ccf35549a
# environment
CONDA_PROMPT_MODIFIER = (base) 
# environment
XDG_SESSION_PATH = /org/freedesktop/DisplayManager/Session0
# environment
LANG = C
# environment
OMP_NUM_THREADS = 8
# environment
XAUTHORITY = /home/malay/.Xauthority
# default
.LOADED := 
# default
.INCLUDE_DIRS = /usr/include /usr/local/include /usr/include
# makefile
MAKEFLAGS = pqrR
# environment
CARAVEL_ROOT = /run/media/malay/6be2233d-18c3-46f3-acec-b4e06d2e1a6a/ManjaroWork/VLSI/caravel_comparator/caravel
# makefile
CURDIR := /run/media/malay/6be2233d-18c3-46f3-acec-b4e06d2e1a6a/ManjaroWork/VLSI/caravel_comparator
# environment
VSCODE_PIPE_LOGGING = true
# environment
APPLICATION_INSIGHTS_NO_DIAGNOSTIC_CHANNEL = true
# automatic
*D = $(patsubst %/,%,$(dir $*))
# environment
MFLAGS = -pqrR
# environment
SSH_AUTH_SOCK = /tmp/ssh-XXXXXXTecpR5/agent.942
# default
.SHELLFLAGS := -c
# environment
XDG_CONFIG_DIRS = /etc/xdg
# automatic
+D = $(patsubst %/,%,$(dir $+))
# makefile (from 'Makefile', line 22)
CARAVEL_LITE = 1
# environment
XDG_SESSION_DESKTOP = xfce
# environment
VSCODE_CRASH_REPORTER_START_OPTIONS = {"companyName":"Microsoft","productName":"Code - OSS","submitURL":"","uploadToServer":false}
# makefile (from 'Makefile', line 1)
MAKEFILE_LIST := Makefile
# environment
CONDA_SHLVL = 1
# automatic
@F = $(notdir $@)
# environment
VSCODE_VERBOSE_LOGGING = true
# environment
VSCODE_PID = 92160
# environment
XDG_SESSION_TYPE = x11
# environment
CUDA_PATH = /opt/cuda
# automatic
?D = $(patsubst %/,%,$(dir $?))
# makefile (from 'Makefile', line 57)
PDK_PATH = ${PDK_ROOT}/sky130A
# environment
CONDA_PYTHON_EXE = /home/malay/anaconda3/bin/python
# environment
SESSION_MANAGER = local/malay-systemproductname:@/tmp/.ICE-unix/891,unix/malay-systemproductname:/tmp/.ICE-unix/891
# automatic
*F = $(notdir $*)
# environment
QT_QPA_PLATFORMTHEME = qt5ct
# environment
CHROME_DESKTOP = code-oss.desktop
# environment
DBUS_SESSION_BUS_ADDRESS = unix:path=/run/user/1000/bus
# automatic
<D = $(patsubst %/,%,$(dir $<))
# environment
VSCODE_NLS_CONFIG = {"locale":"en-us","availableLanguages":{},"_languagePackSupport":true}
# environment
BREAKPAD_DUMP_LOCATION = /home/malay/.config/Code - OSS/exthost Crash Reports
# default
MAKE_HOST := x86_64-pc-linux-gnu
# environment
CONDA_PREFIX = /home/malay/anaconda3
# makefile
SHELL = /bin/sh
# default
MAKECMDGOALS := all
# makefile (from 'Makefile', line 26)
CARAVEL_REPO := https://github.com/efabless/caravel-lite 
# environment
SHLVL = 1
# makefile (from 'Makefile', line 19)
SIM = RTL
# environment
MAKELEVEL := 0
# default
MAKE = $(MAKE_COMMAND)
# makefile (from 'Makefile', line 27)
CARAVEL_BRANCH := main
# environment
PATH = /home/malay/anaconda3/bin:/home/malay/anaconda3/condabin:/home/malay/.local/bin:/usr/local/bin:/usr/bin:/bin:/usr/local/sbin:/opt/cuda/bin:/opt/cuda/nsight_compute:/opt/cuda/nsight_systems/bin:/usr/lib/jvm/default/bin:/usr/bin/site_perl:/usr/bin/vendor_perl:/usr/bin/core_perl:/var/lib/snapd/snap/bin
# default
MAKEFILES := 
# environment
LC_MONETARY = en_US.UTF-8
# environment
MOTD_SHOWN = pam
# automatic
^F = $(notdir $^)
# environment
LC_TIME = en_US.UTF-8
# makefile (from 'Makefile', line 56)
TARGET_PATH = $(shell pwd)
# environment
VSCODE_LOG_NATIVE = false
# environment
LC_TELEPHONE = en_US.UTF-8
# automatic
?F = $(notdir $?)
# environment
XDG_SEAT = seat0
# makefile (from 'Makefile', line 68)
BLOCKS = $(shell cd openlane && find * -maxdepth 0 -type d)
# environment
XDG_CURRENT_DESKTOP = XFCE
# environment
MKLROOT = /opt/intel/mkl
# environment
LS_COLORS = rs=0:di=01;34:ln=01;36:mh=00:pi=40;33:so=01;35:do=01;35:bd=40;33;01:cd=40;33;01:or=01;05;37;41:mi=01;05;37;41:su=37;41:sg=30;43:ca=30;41:tw=30;42:ow=34;42:st=37;44:ex=01;32:*.tar=01;31:*.tgz=01;31:*.arc=01;31:*.arj=01;31:*.taz=01;31:*.lha=01;31:*.lz4=01;31:*.lzh=01;31:*.lzma=01;31:*.tlz=01;31:*.txz=01;31:*.tzo=01;31:*.t7z=01;31:*.zip=01;31:*.z=01;31:*.Z=01;31:*.dz=01;31:*.gz=01;31:*.lrz=01;31:*.lz=01;31:*.lzo=01;31:*.xz=01;31:*.bz2=01;31:*.bz=01;31:*.tbz=01;31:*.tbz2=01;31:*.tz=01;31:*.deb=01;31:*.rpm=01;31:*.jar=01;31:*.war=01;31:*.ear=01;31:*.sar=01;31:*.rar=01;31:*.alz=01;31:*.ace=01;31:*.zoo=01;31:*.cpio=01;31:*.7z=01;31:*.rz=01;31:*.cab=01;31:*.jpg=01;35:*.jpeg=01;35:*.gif=01;35:*.bmp=01;35:*.pbm=01;35:*.pgm=01;35:*.ppm=01;35:*.tga=01;35:*.xbm=01;35:*.xpm=01;35:*.tif=01;35:*.tiff=01;35:*.png=01;35:*.svg=01;35:*.svgz=01;35:*.mng=01;35:*.pcx=01;35:*.mov=01;35:*.mpg=01;35:*.mpeg=01;35:*.m2v=01;35:*.mkv=01;35:*.webm=01;35:*.ogm=01;35:*.mp4=01;35:*.m4v=01;35:*.mp4v=01;35:*.vob=01;35:*.qt=01;35:*.nuv=01;35:*.wmv=01;35:*.asf=01;35:*.rm=01;35:*.rmvb=01;35:*.flc=01;35:*.avi=01;35:*.fli=01;35:*.flv=01;35:*.gl=01;35:*.dl=01;35:*.xcf=01;35:*.xwd=01;35:*.yuv=01;35:*.cgm=01;35:*.emf=01;35:*.axv=01;35:*.anx=01;35:*.ogv=01;35:*.ogx=01;35:*.pdf=00;32:*.ps=00;32:*.txt=00;32:*.patch=00;32:*.diff=00;32:*.log=00;32:*.tex=00;32:*.doc=00;32:*.aac=00;36:*.au=00;36:*.flac=00;36:*.m4a=00;36:*.mid=00;36:*.midi=00;36:*.mka=00;36:*.mp3=00;36:*.mpc=00;36:*.ogg=00;36:*.ra=00;36:*.wav=00;36:*.axa=00;36:*.oga=00;36:*.spx=00;36:*.xspf=00;36:
# automatic
+F = $(notdir $+)
# environment
XDG_SEAT_PATH = /org/freedesktop/DisplayManager/Seat0
# environment
DESKTOP_SESSION = xfce
# environment
ORIGINAL_XDG_CURRENT_DESKTOP = XFCE
# 'override' directive
GNUMAKEFLAGS := 
# environment
CONDA_DEFAULT_ENV = base
# environment
LOGNAME = malay
# environment
XDG_VTNR = 7
# makefile
.DEFAULT_GOAL := verify
# environment
EDITOR = /usr/bin/nano
# environment
DISPLAY = :0.0
# environment
GTK_MODULES = canberra-gtk-module:canberra-gtk-module
# environment
USER = malay
# default
MAKE_VERSION := 4.3
# 'override' directive
.SHELLSTATUS := 0
# makefile (from 'Makefile', line 35)
SUBMODULE = 1
# environment
LC_MEASUREMENT = en_US.UTF-8
# environment
SSH_AGENT_PID = 943
# environment
_ = /usr/bin/make
# environment
LC_PAPER = en_US.UTF-8
# environment
MOZ_PLUGIN_PATH = /usr/lib/mozilla/plugins
# environment
XDG_RUNTIME_DIR = /run/user/1000
# environment
COLORTERM = truecolor
# environment
_CE_M = 
# environment
XDG_SESSION_CLASS = user
# environment
VSCODE_AMD_ENTRYPOINT = vs/workbench/services/extensions/node/extensionHostProcess
# environment
GTK2_RC_FILES = /home/malay/.gtkrc-2.0
# environment
HOME = /home/malay
# environment
ELECTRON_RUN_AS_NODE = 1
# environment
VSCODE_IPC_HOOK = /run/user/1000/vscode-ff90ea61-1.62.0-main.sock
# environment
TERM = xterm-256color
# makefile (from 'Makefile', line 18)
PRECHECK_ROOT = ${HOME}/open_mpw_precheck
# environment
MATHEMATICA_HOME = /usr/local/Wolfram/Mathematica/12.2
# environment
XDG_SESSION_ID = 1
# default
.RECIPEPREFIX := 
# automatic
<F = $(notdir $<)
# makefile (from 'Makefile', line 54)
PATTERNS = $(shell cd verilog/dv && find * -maxdepth 0 -type d)
# default
SUFFIXES := 
# environment
QT_AUTO_SCREEN_SCALE_FACTOR = 0
# makefile (from 'Makefile', line 58)
VERIFY_COMMAND = "cd ${TARGET_PATH}/verilog/dv/$* && export SIM=${SIM} && make"
# environment
VSCODE_CLI = 1
# environment
ELECTRON_NO_ATTACH_CONSOLE = 1
# environment
VTE_VERSION = 6602
# environment
XDG_GREETER_DATA_DIR = /var/lib/lightdm-data/malay
# default
.FEATURES := target-specific order-only second-expansion else-if shortest-stem undefine oneshell nocomment grouped-target extra-prereqs archives jobserver output-sync check-symlink guile load
# environment
XDG_MENU_PREFIX = xfce-
# environment
CONDA_EXE = /home/malay/anaconda3/bin/conda
# environment
_CE_CONDA = 
# environment
GDMSESSION = xfce
# environment
LC_IDENTIFICATION = en_US.UTF-8
# variable set hash-table stats:
# Load=141/1024=14%, Rehash=0, Collisions=17/201=8%

# Pattern-specific Variable Values

# No pattern-specific variable values.

# Directories
 
make: *** [Makefile:40: all] Error 2
 

# . (device 2050, inode 14221653): 19 files, no impossibilities.

# 19 files, no impossibilities in 1 directories.

# Implicit Rules

%:
#  recipe to execute (from 'Makefile', line 40):
	$(MAKE) -f $(CARAVEL_ROOT)/Makefile $@

# 1 implicit rules, 0 (0.0%) terminal.
# Files

verify:
#  Phony target (prerequisite of .PHONY).
#  Implicit rule search has not been done.
#  File does not exist.
#  File has not been updated.
#  recipe to execute (from 'Makefile', line 45):
	cd ./verilog/dv/ && \
	export SIM=${SIM} && \
		$(MAKE) -j$(THREADS)

# Not a target:
skywater-timing:
#  Implicit rule search has not been done.
#  Modification time never checked.
#  File has not been updated.

openlane:
#  Phony target (prerequisite of .PHONY).
#  Implicit rule search has not been done.
#  File does not exist.
#  File has not been updated.
#  recipe to execute (from 'Makefile', line 130):
	cd openlane && $(MAKE) openlane

check-pdk:
#  Implicit rule search has not been done.
#  Modification time never checked.
#  File has not been updated.
#  recipe to execute (from 'Makefile', line 171):
	@if [ ! -d "$(PDK_ROOT)" ]; then \
		echo "PDK Root: "$(PDK_ROOT)" doesn't exists, please export the correct path before running make. "; \
		exit 1; \
	fi

%:
#  Phony target (prerequisite of .PHONY).
#  Implicit rule search has not been done.
#  File does not exist.
#  File has not been updated.

Makefile:
#  Implicit rule search has been done.
#  Implicit/static pattern stem: 'Makefile'
#  Last modified 2021-12-18 11:09:35.440406204
#  File has been updated.
#  Successfully updated.
#  recipe to execute (from 'Makefile', line 40):
	$(MAKE) -f $(CARAVEL_ROOT)/Makefile $@

verify-mprj_por: verilog/dv/mprj_por
#  Implicit rule search has not been done.
#  Implicit/static pattern stem: 'mprj_por'
#  Modification time never checked.
#  File has not been updated.
#  recipe to execute (from 'Makefile', line 60):
	docker run -v ${TARGET_PATH}:${TARGET_PATH} -v ${PDK_PATH}:${PDK_PATH} \
                -v ${CARAVEL_ROOT}:${CARAVEL_ROOT} \
                -e TARGET_PATH=${TARGET_PATH} -e PDK_PATH=${PDK_PATH} \
                -e CARAVEL_ROOT=${CARAVEL_ROOT} \
                -u $(id -u $$USER):$(id -g $$USER) efabless/dv_setup:latest \
                sh -c $(VERIFY_COMMAND)
				

uninstall:
#  Phony target (prerequisite of .PHONY).
#  Implicit rule search has not been done.
#  File does not exist.
#  File has not been updated.
#  recipe to execute (from 'Makefile', line 117):
	git config -f .gitmodules --remove-section "submodule.$(CARAVEL_NAME)"
	git add .gitmodules
	git submodule deinit -f $(CARAVEL_ROOT)
	git rm --cached $(CARAVEL_ROOT)
	rm -rf .git/modules/$(CARAVEL_NAME)
	rm -rf $(CARAVEL_ROOT)

clean:
#  Phony target (prerequisite of .PHONY).
#  Implicit rule search has not been done.
#  File does not exist.
#  File has not been updated.
#  recipe to execute (from 'Makefile', line 155):
	cd ./verilog/dv/ && \
		$(MAKE) -j$(THREADS) clean

precheck:
#  Phony target (prerequisite of .PHONY).
#  Implicit rule search has not been done.
#  File does not exist.
#  File has not been updated.
#  recipe to execute (from 'Makefile', line 136):
	@git clone https://github.com/efabless/open_mpw_precheck.git --depth=1 $(PRECHECK_ROOT)
	@docker pull efabless/open_mpw_precheck:latest

pdk-nonnative: skywater-pdk skywater-library skywater-timing open_pdks
#  Phony target (prerequisite of .PHONY).
#  Implicit rule search has not been done.
#  File does not exist.
#  File has not been updated.
#  recipe to execute (from 'Makefile', line 150):
	docker run --rm -v $(PDK_ROOT):$(PDK_ROOT) -v $(pwd):/user_project -v $(CARAVEL_ROOT):$(CARAVEL_ROOT) -e CARAVEL_ROOT=$(CARAVEL_ROOT) -e PDK_ROOT=$(PDK_ROOT) -u $(shell id -u $(USER)):$(shell id -g $(USER)) efabless/openlane:current sh -c "cd $(CARAVEL_ROOT); make build-pdk; make gen-sources"

# Not a target:
.DEFAULT:
#  Implicit rule search has not been done.
#  Modification time never checked.
#  File has not been updated.

all:
#  Command line target.
#  Implicit rule search has been done.
#  Implicit/static pattern stem: 'all'
#  Modification time never checked.
#  File has been updated.
#  Failed to be updated.
# automatic
# @ := all
# automatic
# * := all
# automatic
# < := 
# automatic
# + := 
# automatic
# % := 
# automatic
# ^ := 
# automatic
# ? := 
# automatic
# | := 
# variable set hash-table stats:
# Load=8/32=25%, Rehash=0, Collisions=2/15=13%
#  recipe to execute (from 'Makefile', line 40):
	$(MAKE) -f $(CARAVEL_ROOT)/Makefile $@

help:
#  Phony target (prerequisite of .PHONY).
#  Implicit rule search has not been done.
#  File does not exist.
#  File has not been updated.
#  recipe to execute (from 'Makefile', line 178):
	cd $(CARAVEL_ROOT) && $(MAKE) help 
	@$(MAKE) -pRrq -f $(lastword $(MAKEFILE_LIST)) : 2>/dev/null | awk -v RS= -F: '/^# File/,/^# Finished Make data base/ {if ($$1 !~ "^[#.]") {print $$1}}' | sort | egrep -v -e '^[^[:alnum:]]' -e '^$@$$'

simlink: check-caravel
#  Phony target (prerequisite of .PHONY).
#  Implicit rule search has not been done.
#  File does not exist.
#  File has not been updated.
#  recipe to execute (from 'Makefile', line 94):
	$(eval MAKEFILE_PATH := $(shell realpath --relative-to=openlane $(CARAVEL_ROOT)/openlane/Makefile))
	mkdir -p openlane
	cd openlane &&\
	ln -sf $(MAKEFILE_PATH) Makefile

update_caravel: check-caravel
#  Phony target (prerequisite of .PHONY).
#  Implicit rule search has not been done.
#  File does not exist.
#  File has not been updated.
#  recipe to execute (from 'Makefile', line 103):
	@git submodule update --init --recursive
	cd $(CARAVEL_ROOT) && \
	git checkout $(CARAVEL_BRANCH) && \
	git pull

check-precheck:
#  Implicit rule search has not been done.
#  Modification time never checked.
#  File has not been updated.
#  recipe to execute (from 'Makefile', line 165):
	@if [ ! -d "$(PRECHECK_ROOT)" ]; then \
		echo "Pre-check Root: "$(PRECHECK_ROOT)" doesn't exists, please export the correct path before running make. "; \
		exit 1; \
	fi

# Not a target:
skywater-pdk:
#  Implicit rule search has not been done.
#  Modification time never checked.
#  File has not been updated.

install:
#  Phony target (prerequisite of .PHONY).
#  Implicit rule search has not been done.
#  File does not exist.
#  File has not been updated.
#  recipe to execute (from 'Makefile', line 77):
	@echo "Installing $(CARAVEL_NAME) as a submodule.."
	$(eval CARAVEL_PATH := $(shell realpath --relative-to=$(shell pwd) $(CARAVEL_ROOT)))
	@if [ ! -d $(CARAVEL_ROOT) ]; then git submodule add --name $(CARAVEL_NAME) $(CARAVEL_REPO) $(CARAVEL_PATH); fi
	@git submodule update --init
	@cd $(CARAVEL_ROOT); git checkout $(CARAVEL_BRANCH)
	$(MAKE) simlink

check-caravel:
#  Implicit rule search has not been done.
#  Modification time never checked.
#  File has not been updated.
#  recipe to execute (from 'Makefile', line 159):
	@if [ ! -d "$(CARAVEL_ROOT)" ]; then \
		echo "Caravel Root: "$(CARAVEL_ROOT)" doesn't exists, please export the correct path before running make. "; \
		exit 1; \
	fi

# Not a target:
skywater-library:
#  Implicit rule search has not been done.
#  Modification time never checked.
#  File has not been updated.

# Not a target:
open_pdks:
#  Implicit rule search has not been done.
#  Modification time never checked.
#  File has not been updated.

.PHONY: % verify simenv install simlink update_caravel uninstall openlane precheck run-precheck pdk-nonnative clean help
#  Implicit rule search has not been done.
#  Modification time never checked.
#  File has not been updated.

simenv:
#  Phony target (prerequisite of .PHONY).
#  Implicit rule search has not been done.
#  File does not exist.
#  File has not been updated.
#  recipe to execute (from 'Makefile', line 52):
	docker pull efabless/dv_setup:latest

# Not a target:
verilog/dv/mprj_por:
#  Implicit rule search has not been done.
#  Modification time never checked.
#  File has not been updated.

run-precheck: check-precheck check-pdk check-caravel
#  Phony target (prerequisite of .PHONY).
#  Implicit rule search has not been done.
#  File does not exist.
#  File has not been updated.
#  recipe to execute (from 'Makefile', line 141):
	rm -rf $(PWD)/checks
	$(eval TARGET_PATH := $(shell pwd))
	cd $(PRECHECK_ROOT) && \
	docker run -v $(PRECHECK_ROOT):/usr/local/bin -v $(TARGET_PATH):$(TARGET_PATH) -v $(PDK_ROOT):$(PDK_ROOT) -v $(CARAVEL_ROOT):$(CARAVEL_ROOT) \
	-u $(shell id -u $(USER)):$(shell id -g $(USER)) efabless/open_mpw_precheck:latest bash -c "python3 open_mpw_prechecker.py --pdk_root $(PDK_ROOT) --target_path $(TARGET_PATH) -rfc -c $(CARAVEL_ROOT)"

# files hash-table stats:
# Load=27/1024=3%, Rehash=0, Collisions=0/91=0%
# VPATH Search Paths

# No 'vpath' search paths.

# No general ('VPATH' variable) search path.

# strcache buffers: 1 (0) / strings = 49 / storage = 462 B / avg = 9 B
# current buf: size = 8162 B / used = 462 B / count = 49 / avg = 9 B

# strcache performance: lookups = 117 / hit rate = 58%
# hash-table stats:
# Load=49/8192=1%, Rehash=0, Collisions=3/117=3%
# Finished Make data base on Sat Dec 18 11:59:43 2021

 
