/run/media/malay/6be2233d-18c3-46f3-acec-b4e06d2e1a6a/ManjaroWork/VLSI/MPW-2/caravel_comparator/gds//user_analog_project_wrapper.gds 0 0 2920 3520 /run/media/malay/6be2233d-18c3-46f3-acec-b4e06d2e1a6a/ManjaroWork/VLSI/MPW-2/caravel_comparator/checks/user_analog_project_wrapper_erased.gds

Magic 8.3 revision 147 - Compiled on Fri May  7 21:32:03 UTC 2021.
Starting magic under Tcl interpreter
Using the terminal as the console.
Using NULL graphics device.
Processing system .magicrc file
Sourcing design .magicrc for technology sky130A ...
2 Magic internal units = 1 Lambda
Input style sky130(): scaleFactor=2, multiplier=2
Scaled tech values by 2 / 1 to match internal grid scaling
Loading sky130A Device Generator Menu ...
Using technology "sky130A", version 1.0.141-0-gb9ffc1f

Warning: Calma reading is not undoable!  I hope that's OK.
Library written using GDS-II Release 3.0
Library name: user_analog_project_wrapper
Reading "comparator".
Reading "user_analog_project_wrapper".
Root cell box:
           width x height  (   llx,  lly  ), (   urx,  ury  )  area (units^2)

microns:  2920.00 x 3520.00  (  0.00,  0.00 ), ( 2920.00,  3520.00)  10278400.00
lambda:   292000.00 x 352000.00  (  0.00,  0.00 ), ( 292000.00,  352000.00)  102784000000.00
internal: 584000 x 704000  (     0,  0    ), ( 584000,  704000)  411136000000
   Generating output for cell user_analog_project_wrapper
/run/media/malay/6be2233d-18c3-46f3-acec-b4e06d2e1a6a/ManjaroWork/VLSI/MPW-2/caravel_comparator/checks/user_analog_project_wrapper_erased.gds
