FULL RUN LOG:
 Uncompressing the gds files
Step 0 done without fatal errors.
 Executing Step 1 of 6: Checking License files.
{{LICENSE COMPLIANCE PASSED}} Apache-2.0 LICENSE file was found in project root
 No third party libraries found.
Step 1 done without fatal errors.
{{SPDX COMPLIANCE WARNING}} Found 16 non-compliant files with the SPDX Standard. Check full log for more information
SPDX COMPLIANCE: NON-COMPLIANT FILES PREVIEW: ['/run/media/malay/6be2233d-18c3-46f3-acec-b4e06d2e1a6a/ManjaroWork/VLSI/caravel_comparator/.github/scripts/dv/run-dv.sh', '/run/media/malay/6be2233d-18c3-46f3-acec-b4e06d2e1a6a/ManjaroWork/VLSI/caravel_comparator/.github/workflows/auto_update_submodule.yml', '/run/media/malay/6be2233d-18c3-46f3-acec-b4e06d2e1a6a/ManjaroWork/VLSI/caravel_comparator/.github/workflows/caravan_build.yml', '/run/media/malay/6be2233d-18c3-46f3-acec-b4e06d2e1a6a/ManjaroWork/VLSI/caravel_comparator/.github/workflows/user_project_ci.yml', '/run/media/malay/6be2233d-18c3-46f3-acec-b4e06d2e1a6a/ManjaroWork/VLSI/caravel_comparator/xschem/.spiceinit', '/run/media/malay/6be2233d-18c3-46f3-acec-b4e06d2e1a6a/ManjaroWork/VLSI/caravel_comparator/xschem/example_por.sch', '/run/media/malay/6be2233d-18c3-46f3-acec-b4e06d2e1a6a/ManjaroWork/VLSI/caravel_comparator/xschem/analog_wrapper_tb.sch', '/run/media/malay/6be2233d-18c3-46f3-acec-b4e06d2e1a6a/ManjaroWork/VLSI/caravel_comparator/xschem/example_por.sym', '/run/media/malay/6be2233d-18c3-46f3-acec-b4e06d2e1a6a/ManjaroWork/VLSI/caravel_comparator/xschem/user_analog_project_wrapper.sym', '/run/media/malay/6be2233d-18c3-46f3-acec-b4e06d2e1a6a/ManjaroWork/VLSI/caravel_comparator/xschem/xschemrc', '/run/media/malay/6be2233d-18c3-46f3-acec-b4e06d2e1a6a/ManjaroWork/VLSI/caravel_comparator/xschem/example_por_tb.sch', '/run/media/malay/6be2233d-18c3-46f3-acec-b4e06d2e1a6a/ManjaroWork/VLSI/caravel_comparator/xschem/example_por_tb.spice.orig', '/run/media/malay/6be2233d-18c3-46f3-acec-b4e06d2e1a6a/ManjaroWork/VLSI/caravel_comparator/xschem/test.data', '/run/media/malay/6be2233d-18c3-46f3-acec-b4e06d2e1a6a/ManjaroWork/VLSI/caravel_comparator/xschem/user_analog_project_wrapper.sch', '/run/media/malay/6be2233d-18c3-46f3-acec-b4e06d2e1a6a/ManjaroWork/VLSI/caravel_comparator/mag/comparator.ext', '/run/media/malay/6be2233d-18c3-46f3-acec-b4e06d2e1a6a/ManjaroWork/VLSI/caravel_comparator/mag/inverter3v3.ext']
 Executing Step 2 of 6: Checking YAML description.
 YAML file valid!
Step 2 done without fatal errors.
 Detected Project Type is "analog"
 Executing Step 3 of 6: Executing Complaince Checks.
b'Going into /run/media/malay/6be2233d-18c3-46f3-acec-b4e06d2e1a6a/ManjaroWork/VLSI/caravel_comparator/caravel'
b'Removing manifest'
b'Fetching manifest'
b'Running sha1sum checks'
 Manifest Checks Failed. Please rebase your Repository to the latest Caravel master.
verilog/rtl/__uprj_analog_netlists.v: FAILED open or read
verilog/rtl/__uprj_netlists.v: FAILED open or read
verilog/rtl/__user_analog_project_wrapper.v: FAILED open or read
verilog/rtl/__user_project_wrapper.v: FAILED open or read
verilog/rtl/caravan.v: FAILED open or read
verilog/rtl/caravan_netlists.v: FAILED open or read
verilog/rtl/caravan_openframe.v: FAILED open or read
verilog/rtl/caravel.v: FAILED open or read
verilog/rtl/caravel_clocking.v: FAILED open or read
verilog/rtl/caravel_openframe.v: FAILED open or read
verilog/rtl/chip_io.v: FAILED open or read
verilog/rtl/chip_io_alt.v: FAILED open or read
verilog/rtl/clock_div.v: FAILED open or read
verilog/rtl/digital_pll.v: FAILED open or read
verilog/rtl/digital_pll_controller.v: FAILED open or read
verilog/rtl/gpio_control_block.v: FAILED open or read
verilog/rtl/gpio_defaults_block.v: FAILED open or read
verilog/rtl/gpio_logic_high.v: FAILED open or read
verilog/rtl/housekeeping.v: FAILED open or read
verilog/rtl/housekeeping_spi.v: FAILED open or read
verilog/rtl/mgmt_protect.v: FAILED open or read
verilog/rtl/mgmt_protect_hv.v: FAILED open or read
verilog/rtl/mprj2_logic_high.v: FAILED open or read
verilog/rtl/mprj_io.v: FAILED open or read
verilog/rtl/mprj_logic_high.v: FAILED open or read
verilog/rtl/pads.v: FAILED open or read
verilog/rtl/ring_osc2x13.v: FAILED open or read
verilog/rtl/simple_por.v: FAILED open or read
verilog/rtl/spare_logic_block.v: FAILED open or read
verilog/rtl/xres_buf.v: FAILED open or read
scripts/set_user_id.py: FAILED open or read
scripts/generate_fill.py: FAILED open or read
scripts/compositor.py: FAILED open or read
