verilog/rtl/__uprj_analog_netlists.v: FAILED open or read
verilog/rtl/__uprj_netlists.v: FAILED open or read
verilog/rtl/__user_analog_project_wrapper.v: FAILED open or read
verilog/rtl/__user_project_wrapper.v: FAILED open or read
verilog/rtl/caravan.v: FAILED open or read
verilog/rtl/caravan_netlists.v: FAILED open or read
verilog/rtl/caravan_openframe.v: FAILED open or read
verilog/rtl/caravel.v: FAILED open or read
verilog/rtl/caravel_clocking.v: FAILED open or read
verilog/rtl/caravel_openframe.v: FAILED open or read
verilog/rtl/chip_io.v: FAILED open or read
verilog/rtl/chip_io_alt.v: FAILED open or read
verilog/rtl/clock_div.v: FAILED open or read
verilog/rtl/digital_pll.v: FAILED open or read
verilog/rtl/digital_pll_controller.v: FAILED open or read
verilog/rtl/gpio_control_block.v: FAILED open or read
verilog/rtl/gpio_defaults_block.v: FAILED open or read
verilog/rtl/gpio_logic_high.v: FAILED open or read
verilog/rtl/housekeeping.v: FAILED open or read
verilog/rtl/housekeeping_spi.v: FAILED open or read
verilog/rtl/mgmt_protect.v: FAILED open or read
verilog/rtl/mgmt_protect_hv.v: FAILED open or read
verilog/rtl/mprj2_logic_high.v: FAILED open or read
verilog/rtl/mprj_io.v: FAILED open or read
verilog/rtl/mprj_logic_high.v: FAILED open or read
verilog/rtl/pads.v: FAILED open or read
verilog/rtl/ring_osc2x13.v: FAILED open or read
verilog/rtl/simple_por.v: FAILED open or read
verilog/rtl/spare_logic_block.v: FAILED open or read
verilog/rtl/xres_buf.v: FAILED open or read
scripts/set_user_id.py: FAILED open or read
scripts/generate_fill.py: FAILED open or read
scripts/compositor.py: FAILED open or read
