FULL RUN LOG:
SPDX NON-COMPLIANT FILES
/run/media/malay/6be2233d-18c3-46f3-acec-b4e06d2e1a6a/ManjaroWork/VLSI/MPW-2/caravel_comparator/caravel/verilog/rtl/mgmt_soc.v
/run/media/malay/6be2233d-18c3-46f3-acec-b4e06d2e1a6a/ManjaroWork/VLSI/MPW-2/caravel_comparator/caravel/verilog/rtl/spimemio.v
/run/media/malay/6be2233d-18c3-46f3-acec-b4e06d2e1a6a/ManjaroWork/VLSI/MPW-2/caravel_comparator/caravel/verilog/rtl/picorv32.v
/run/media/malay/6be2233d-18c3-46f3-acec-b4e06d2e1a6a/ManjaroWork/VLSI/MPW-2/caravel_comparator/caravel/verilog/rtl/simpleuart.v
/run/media/malay/6be2233d-18c3-46f3-acec-b4e06d2e1a6a/ManjaroWork/VLSI/MPW-2/caravel_comparator/caravel/verilog/dv/caravel/spiflash.v
/run/media/malay/6be2233d-18c3-46f3-acec-b4e06d2e1a6a/ManjaroWork/VLSI/MPW-2/caravel_comparator/caravel/verilog/dv/caravel/tbuart.v
/run/media/malay/6be2233d-18c3-46f3-acec-b4e06d2e1a6a/ManjaroWork/VLSI/MPW-2/caravel_comparator/caravel/verilog/dv/caravel/mgmt_soc/uart/uart_tb.v
/run/media/malay/6be2233d-18c3-46f3-acec-b4e06d2e1a6a/ManjaroWork/VLSI/MPW-2/caravel_comparator/caravel/verilog/dv/caravel/mgmt_soc/timer/timer_tb.v
/run/media/malay/6be2233d-18c3-46f3-acec-b4e06d2e1a6a/ManjaroWork/VLSI/MPW-2/caravel_comparator/caravel/verilog/dv/caravel/mgmt_soc/storage/storage_tb.v
/run/media/malay/6be2233d-18c3-46f3-acec-b4e06d2e1a6a/ManjaroWork/VLSI/MPW-2/caravel_comparator/caravel/verilog/dv/caravel/mgmt_soc/mem/mem_tb.v
/run/media/malay/6be2233d-18c3-46f3-acec-b4e06d2e1a6a/ManjaroWork/VLSI/MPW-2/caravel_comparator/caravel/verilog/dv/caravel/mgmt_soc/caravan/caravan_tb.v
/run/media/malay/6be2233d-18c3-46f3-acec-b4e06d2e1a6a/ManjaroWork/VLSI/MPW-2/caravel_comparator/caravel/verilog/dv/caravel/mgmt_soc/qspi/qspi_tb.v
/run/media/malay/6be2233d-18c3-46f3-acec-b4e06d2e1a6a/ManjaroWork/VLSI/MPW-2/caravel_comparator/caravel/verilog/dv/caravel/mgmt_soc/perf/perf_tb.v
/run/media/malay/6be2233d-18c3-46f3-acec-b4e06d2e1a6a/ManjaroWork/VLSI/MPW-2/caravel_comparator/caravel/verilog/dv/caravel/mgmt_soc/timer2/timer2_tb.v
/run/media/malay/6be2233d-18c3-46f3-acec-b4e06d2e1a6a/ManjaroWork/VLSI/MPW-2/caravel_comparator/caravel/verilog/dv/caravel/mgmt_soc/gpio/gpio_tb.v
/run/media/malay/6be2233d-18c3-46f3-acec-b4e06d2e1a6a/ManjaroWork/VLSI/MPW-2/caravel_comparator/caravel/openlane/user_analog_project_wrapper_empty/or_ioplace.tcl
/run/media/malay/6be2233d-18c3-46f3-acec-b4e06d2e1a6a/ManjaroWork/VLSI/MPW-2/caravel_comparator/.github/scripts/dv/run-dv.sh
/run/media/malay/6be2233d-18c3-46f3-acec-b4e06d2e1a6a/ManjaroWork/VLSI/MPW-2/caravel_comparator/.github/workflows/auto_update_submodule.yml
/run/media/malay/6be2233d-18c3-46f3-acec-b4e06d2e1a6a/ManjaroWork/VLSI/MPW-2/caravel_comparator/.github/workflows/caravan_build.yml
/run/media/malay/6be2233d-18c3-46f3-acec-b4e06d2e1a6a/ManjaroWork/VLSI/MPW-2/caravel_comparator/.github/workflows/user_project_ci.yml
/run/media/malay/6be2233d-18c3-46f3-acec-b4e06d2e1a6a/ManjaroWork/VLSI/MPW-2/caravel_comparator/xschem/.spiceinit
/run/media/malay/6be2233d-18c3-46f3-acec-b4e06d2e1a6a/ManjaroWork/VLSI/MPW-2/caravel_comparator/xschem/example_por.sch
/run/media/malay/6be2233d-18c3-46f3-acec-b4e06d2e1a6a/ManjaroWork/VLSI/MPW-2/caravel_comparator/xschem/analog_wrapper_tb.sch
/run/media/malay/6be2233d-18c3-46f3-acec-b4e06d2e1a6a/ManjaroWork/VLSI/MPW-2/caravel_comparator/xschem/example_por.sym
/run/media/malay/6be2233d-18c3-46f3-acec-b4e06d2e1a6a/ManjaroWork/VLSI/MPW-2/caravel_comparator/xschem/user_analog_project_wrapper.sym
/run/media/malay/6be2233d-18c3-46f3-acec-b4e06d2e1a6a/ManjaroWork/VLSI/MPW-2/caravel_comparator/xschem/xschemrc
/run/media/malay/6be2233d-18c3-46f3-acec-b4e06d2e1a6a/ManjaroWork/VLSI/MPW-2/caravel_comparator/xschem/example_por_tb.sch
/run/media/malay/6be2233d-18c3-46f3-acec-b4e06d2e1a6a/ManjaroWork/VLSI/MPW-2/caravel_comparator/xschem/example_por_tb.spice.orig
/run/media/malay/6be2233d-18c3-46f3-acec-b4e06d2e1a6a/ManjaroWork/VLSI/MPW-2/caravel_comparator/xschem/test.data
/run/media/malay/6be2233d-18c3-46f3-acec-b4e06d2e1a6a/ManjaroWork/VLSI/MPW-2/caravel_comparator/xschem/user_analog_project_wrapper.sch
